<?xml version="1.0" encoding="UTF-8"?><testsuite failures="0" name="cucumber.runtime.formatter.JUnitFormatter" skipped="0" tests="1" time="10.688266">
<testcase classname="DeleteCompany" name="view or edit Company with all valid fields" time="10.688266">
<system-out><![CDATA[Given User logins to the application........................................passed
Then User enter the email...................................................passed
Then user enter the password................................................passed
And user click on login button..............................................passed
When user clicks on a company module........................................passed
Then user clicks on edit button and is able to edit.........................passed
]]></system-out>
</testcase>
</testsuite>
