<?xml version="1.0" encoding="UTF-8"?>
<testng-results total="1" passed="1" failed="0" skipped="0">
  <reporter-output>
  </reporter-output>
  <suite started-at="2021-05-06T16:30:04Z" name="Default suite" finished-at="2021-05-06T16:30:20Z" duration-ms="15336">
    <groups>
      <group name="cucumber">
        <method signature="AbstractTestNGCucumberTests.feature(cucumber.api.testng.CucumberFeatureWrapper)[pri:0, instance:Runner.TestRunner@6d2a209c]" name="feature" class="cucumber.api.testng.AbstractTestNGCucumberTests"/>
      </group> <!-- cucumber -->
    </groups>
    <test started-at="2021-05-06T16:30:04Z" name="Default test" finished-at="2021-05-06T16:30:20Z" duration-ms="15336">
      <class name="Runner.TestRunner">
        <test-method is-config="true" signature="setUpClass()[pri:0, instance:Runner.TestRunner@6d2a209c]" started-at="2021-05-06T22:00:04Z" name="setUpClass" finished-at="2021-05-06T22:00:05Z" duration-ms="337" status="PASS">
          <reporter-output>
          </reporter-output>
        </test-method> <!-- setUpClass -->
        <test-method signature="feature(cucumber.api.testng.CucumberFeatureWrapper)[pri:0, instance:Runner.TestRunner@6d2a209c]" started-at="2021-05-06T22:00:05Z" name="feature" description="Runs Cucumber Feature" data-provider="features" finished-at="2021-05-06T22:00:19Z" duration-ms="14615" status="PASS">
          <params>
            <param index="0">
              <value>
                <![CDATA[ExportCompany]]>
              </value>
            </param>
          </params>
          <reporter-output>
          </reporter-output>
        </test-method> <!-- feature -->
        <test-method is-config="true" signature="tearDownClass()[pri:0, instance:Runner.TestRunner@6d2a209c]" started-at="2021-05-06T22:00:19Z" name="tearDownClass" finished-at="2021-05-06T22:00:20Z" duration-ms="318" status="PASS">
          <reporter-output>
          </reporter-output>
        </test-method> <!-- tearDownClass -->
      </class> <!-- Runner.TestRunner -->
    </test> <!-- Default test -->
  </suite> <!-- Default suite -->
</testng-results>
